<?xml version="1.0" encoding="UTF-8"?>
<!-- Generated by org.testng.reporters.JUnitReportReporter -->
<testsuite hostname="DESKTOP-PNFV3FV" failures="0" tests="1" name="Sales_Module.SaleInvoice" time="5.839" errors="0" timestamp="2023-07-17T15:28:19 PKT" skipped="0">
  <testcase classname="Sales_Module.SaleInvoice" name="saleInovice" time="5.839"/>
  <system-out/>
</testsuite> <!-- Sales_Module.SaleInvoice -->
