<?xml version="1.0" encoding="UTF-8"?>
<!-- Generated by org.testng.reporters.JUnitReportReporter -->
<testsuite hostname="DESKTOP-PNFV3FV" failures="0" tests="1" name="PageObjectModel.DeliveryOrder" time="21.864" errors="0" timestamp="2023-07-17T15:04:54 PKT" skipped="0">
  <testcase classname="PageObjectModel.DeliveryOrder" name="deliveryOrder" time="21.864"/>
  <system-out/>
</testsuite> <!-- PageObjectModel.DeliveryOrder -->
