<?xml version="1.0" encoding="UTF-8"?>
<!-- Generated by org.testng.reporters.JUnitReportReporter -->
<testsuite hostname="DESKTOP-PNFV3FV" failures="0" tests="1" name="PageObjectModel.Main" time="2.544" errors="0" timestamp="2023-07-27T13:38:18 PKT" skipped="0">
  <testcase classname="PageObjectModel.Main" name="url" time="2.544"/>
  <system-out/>
</testsuite> <!-- PageObjectModel.Main -->
