<?xml version="1.0" encoding="UTF-8"?>
<!-- Generated by org.testng.reporters.JUnitReportReporter -->
<testsuite hostname="DESKTOP-PNFV3FV" failures="0" tests="10" name="Sales_Module.DeliveryOrder" time="97.388" errors="0" timestamp="2023-07-27T13:38:18 PKT" skipped="5">
  <testcase classname="Sales_Module.DeliveryOrder" name="deliveryOrder_add_page" time="45.828"/>
  <system-out/>
  <testcase classname="Sales_Module.DeliveryOrder" name="deliveryOrder_view_page" time="1.621"/>
  <system-out/>
  <testcase classname="Sales_Module.DeliveryOrder" name="after_Add_Do_view" time="3.570"/>
  <system-out/>
  <testcase classname="Sales_Module.DeliveryOrder" name="deliveryOrder_edit_page" time="26.735"/>
  <system-out/>
  <testcase classname="Sales_Module.DeliveryOrder" name="do_issued" time="19.634"/>
  <system-out/>
  <testcase classname="Sales_Module.DeliveryOrder" name="do_return_draft">
    <skipped/>
  </testcase> <!-- do_return_draft -->
  <system-out/>
  <testcase classname="Sales_Module.DeliveryOrder" name="Do_Add_hideshow">
    <skipped/>
  </testcase> <!-- Do_Add_hideshow -->
  <system-out/>
  <testcase classname="Sales_Module.DeliveryOrder" name="do_Add_Varify_WebElement">
    <skipped/>
  </testcase> <!-- do_Add_Varify_WebElement -->
  <system-out/>
  <testcase classname="Sales_Module.DeliveryOrder" name="do_view_hideshow">
    <skipped/>
  </testcase> <!-- do_view_hideshow -->
  <system-out/>
  <testcase classname="Sales_Module.DeliveryOrder" name="do_return_finalize">
    <skipped/>
  </testcase> <!-- do_return_finalize -->
  <system-out/>
</testsuite> <!-- Sales_Module.DeliveryOrder -->
