<?xml version="1.0" encoding="UTF-8"?>
<!-- Generated by org.testng.reporters.JUnitReportReporter -->
<testsuite hostname="DESKTOP-PNFV3FV" failures="0" tests="10" name="Sales_Module.DeliveryOrder" time="116.290" errors="0" timestamp="2023-07-31T15:13:35 PKT" skipped="5">
  <testcase classname="Sales_Module.DeliveryOrder" name="deliveryOrder_add_page" time="54.491"/>
  <system-out/>
  <testcase classname="Sales_Module.DeliveryOrder" name="deliveryOrder_view_page" time="2.365"/>
  <system-out/>
  <testcase classname="Sales_Module.DeliveryOrder" name="after_Add_Do_view" time="4.928"/>
  <system-out/>
  <testcase classname="Sales_Module.DeliveryOrder" name="deliveryOrder_edit_page" time="30.552"/>
  <system-out/>
  <testcase classname="Sales_Module.DeliveryOrder" name="do_issued" time="23.954"/>
  <system-out/>
  <testcase classname="Sales_Module.DeliveryOrder" name="do_return_draft">
    <skipped/>
  </testcase> <!-- do_return_draft -->
  <system-out/>
  <testcase classname="Sales_Module.DeliveryOrder" name="Do_Add_hideshow">
    <skipped/>
  </testcase> <!-- Do_Add_hideshow -->
  <system-out/>
  <testcase classname="Sales_Module.DeliveryOrder" name="do_Add_Varify_WebElement">
    <skipped/>
  </testcase> <!-- do_Add_Varify_WebElement -->
  <system-out/>
  <testcase classname="Sales_Module.DeliveryOrder" name="do_view_hideshow">
    <skipped/>
  </testcase> <!-- do_view_hideshow -->
  <system-out/>
  <testcase classname="Sales_Module.DeliveryOrder" name="do_return_finalize">
    <skipped/>
  </testcase> <!-- do_return_finalize -->
  <system-out/>
</testsuite> <!-- Sales_Module.DeliveryOrder -->
