<?xml version="1.0" encoding="UTF-8"?>
<!-- Generated by org.testng.reporters.JUnitReportReporter -->
<testsuite hostname="DESKTOP-PNFV3FV" failures="0" tests="1" name="PageObjectModel.Main" time="3.214" errors="0" timestamp="2023-07-31T15:13:35 PKT" skipped="0">
  <testcase classname="PageObjectModel.Main" name="url" time="3.214"/>
  <system-out/>
</testsuite> <!-- PageObjectModel.Main -->
