<?xml version="1.0" encoding="UTF-8"?>
<!-- Generated by org.testng.reporters.JUnitReportReporter -->
<testsuite hostname="DESKTOP-PNFV3FV" failures="0" tests="1" name="PageObjectModel.LoginPage" time="6.892" errors="0" timestamp="2023-07-27T13:38:18 PKT" skipped="0">
  <testcase classname="PageObjectModel.LoginPage" name="credentialsLoginPage" time="6.892"/>
  <system-out/>
</testsuite> <!-- PageObjectModel.LoginPage -->
